# JRE version: Java(TM) SE Runtime Environment (8.0_191-b12) (build 1.8.0_191-b12)
# Java VM: Java HotSpot(TM) Client VM (25.191-b12 mixed mode, sharing windows-x86 )
Heap:
 def new generation   total 14464K, used 14464K [0x04600000, 0x055b0000, 0x09b50000)
  eden space 12864K, 100% used [0x04600000, 0x05290000, 0x05290000)
  from space 1600K, 100% used [0x05420000, 0x055b0000, 0x055b0000)
  to   space 1600K,   0% used [0x05290000, 0x05290000, 0x05420000)
 tenured generation   total 34224K, used 34185K [0x09b50000, 0x0bcbc000, 0x14600000)
   the space 34224K,  99% used [0x09b50000, 0x0bcb2708, 0x0bcb2800, 0x0bcbc000)
 Metaspace       used 3072K, capacity 5103K, committed 5120K, reserved 5504K
GC Heap History (10 events):
Event: 1.301 GC heap after
Heap after GC invocations=25 (full 3):
 def new generation   total 12608K, used 1344K [0x04600000, 0x053a0000, 0x09b50000)
  eden space 11264K,   0% used [0x04600000, 0x04600000, 0x05100000)
  from space 1344K, 100% used [0x05100000, 0x05250000, 0x05250000)
  to   space 1344K,   0% used [0x05250000, 0x05250000, 0x053a0000)
 tenured generation   total 27860K, used 26038K [0x09b50000, 0x0b685000, 0x14600000)
   the space 27860K,  93% used [0x09b50000, 0x0b4bd8b0, 0x0b4bda00, 0x0b685000)
 Metaspace       used 2729K, capacity 4708K, committed 4736K, reserved 5504K
}
Event: 1.421 GC heap before
{Heap before GC invocations=25 (full 3):
 def new generation   total 12608K, used 12608K [0x04600000, 0x053a0000, 0x09b50000)
  eden space 11264K, 100% used [0x04600000, 0x05100000, 0x05100000)
  from space 1344K, 100% used [0x05100000, 0x05250000, 0x05250000)
  to   space 1344K,   0% used [0x05250000, 0x05250000, 0x053a0000)
 tenured generation   total 27860K, used 26038K [0x09b50000, 0x0b685000, 0x14600000)
   the space 27860K,  93% used [0x09b50000, 0x0b4bd8b0, 0x0b4bda00, 0x0b685000)
 Metaspace       used 2746K, capacity 4708K, committed 4736K, reserved 5504K
Event: 1.487 GC heap after
Heap after GC invocations=26 (full 4):
 def new generation   total 13120K, used 0K [0x04600000, 0x05430000, 0x09b50000)
  eden space 11712K,   0% used [0x04600000, 0x04600000, 0x05170000)
  from space 1408K,   0% used [0x05170000, 0x05170000, 0x052d0000)
  to   space 1408K,   0% used [0x052d0000, 0x052d0000, 0x05430000)
 tenured generation   total 29012K, used 28461K [0x09b50000, 0x0b7a5000, 0x14600000)
   the space 29012K,  98% used [0x09b50000, 0x0b71b600, 0x0b71b600, 0x0b7a5000)
 Metaspace       used 2746K, capacity 4708K, committed 4736K, reserved 5504K
}
Event: 1.609 GC heap before
{Heap before GC invocations=26 (full 4):
 def new generation   total 13120K, used 11712K [0x04600000, 0x05430000, 0x09b50000)
  eden space 11712K, 100% used [0x04600000, 0x05170000, 0x05170000)
  from space 1408K,   0% used [0x05170000, 0x05170000, 0x052d0000)
  to   space 1408K,   0% used [0x052d0000, 0x052d0000, 0x05430000)
 tenured generation   total 29012K, used 28461K [0x09b50000, 0x0b7a5000, 0x14600000)
   the space 29012K,  98% used [0x09b50000, 0x0b71b600, 0x0b71b600, 0x0b7a5000)
 Metaspace       used 2865K, capacity 4836K, committed 4864K, reserved 5504K
Event: 1.669 GC heap after
Heap after GC invocations=27 (full 5):
 def new generation   total 13568K, used 1340K [0x04600000, 0x054b0000, 0x09b50000)
  eden space 12096K,  11% used [0x04600000, 0x0474f168, 0x051d0000)
  from space 1472K,   0% used [0x051d0000, 0x051d0000, 0x05340000)
  to   space 1472K,   0% used [0x05340000, 0x05340000, 0x054b0000)
 tenured generation   total 30036K, used 30035K [0x09b50000, 0x0b8a5000, 0x14600000)
   the space 30036K,  99% used [0x09b50000, 0x0b8a4ff8, 0x0b8a5000, 0x0b8a5000)
 Metaspace       used 2865K, capacity 4836K, committed 4864K, reserved 5504K
}
Event: 1.820 GC heap before
{Heap before GC invocations=27 (full 5):
 def new generation   total 13568K, used 12096K [0x04600000, 0x054b0000, 0x09b50000)
  eden space 12096K, 100% used [0x04600000, 0x051d0000, 0x051d0000)
  from space 1472K,   0% used [0x051d0000, 0x051d0000, 0x05340000)
  to   space 1472K,   0% used [0x05340000, 0x05340000, 0x054b0000)
 tenured generation   total 30036K, used 30035K [0x09b50000, 0x0b8a5000, 0x14600000)
   the space 30036K,  99% used [0x09b50000, 0x0b8a4ff8, 0x0b8a5000, 0x0b8a5000)
 Metaspace       used 3072K, capacity 5103K, committed 5120K, reserved 5504K
Event: 1.886 GC heap after
Heap after GC invocations=28 (full 6):
 def new generation   total 13952K, used 1422K [0x04600000, 0x05520000, 0x09b50000)
  eden space 12416K,  11% used [0x04600000, 0x04763ab0, 0x05220000)
  from space 1536K,   0% used [0x05220000, 0x05220000, 0x053a0000)
  to   space 1536K,   0% used [0x053a0000, 0x053a0000, 0x05520000)
 tenured generation   total 30932K, used 30931K [0x09b50000, 0x0b985000, 0x14600000)
   the space 30932K,  99% used [0x09b50000, 0x0b984ff0, 0x0b985000, 0x0b985000)
 Metaspace       used 3072K, capacity 5103K, committed 5120K, reserved 5504K
}
Event: 1.976 GC heap before
{Heap before GC invocations=28 (full 6):
 def new generation   total 13952K, used 12416K [0x04600000, 0x05520000, 0x09b50000)
  eden space 12416K, 100% used [0x04600000, 0x05220000, 0x05220000)
  from space 1536K,   0% used [0x05220000, 0x05220000, 0x053a0000)
  to   space 1536K,   0% used [0x053a0000, 0x053a0000, 0x05520000)
 tenured generation   total 30932K, used 30931K [0x09b50000, 0x0b985000, 0x14600000)
   the space 30932K,  99% used [0x09b50000, 0x0b984ff0, 0x0b985000, 0x0b985000)
 Metaspace       used 3072K, capacity 5103K, committed 5120K, reserved 5504K
Event: 2.235 GC heap after
Heap after GC invocations=29 (full 7):
 def new generation   total 14464K, used 1506K [0x04600000, 0x055b0000, 0x09b50000)
  eden space 12864K,  11% used [0x04600000, 0x04778a18, 0x05290000)
  from space 1600K,   0% used [0x05290000, 0x05290000, 0x05420000)
  to   space 1600K,   0% used [0x05420000, 0x05420000, 0x055b0000)
 tenured generation   total 32060K, used 32059K [0x09b50000, 0x0ba9f000, 0x14600000)
   the space 32060K,  99% used [0x09b50000, 0x0ba9eff0, 0x0ba9f000, 0x0ba9f000)
 Metaspace       used 3072K, capacity 5103K, committed 5120K, reserved 5504K
}
Event: 2.301 GC heap before
{Heap before GC invocations=29 (full 7):
 def new generation   total 14464K, used 12864K [0x04600000, 0x055b0000, 0x09b50000)
  eden space 12864K, 100% used [0x04600000, 0x05290000, 0x05290000)
  from space 1600K,   0% used [0x05290000, 0x05290000, 0x05420000)
  to   space 1600K,   0% used [0x05420000, 0x05420000, 0x055b0000)
 tenured generation   total 32060K, used 32059K [0x09b50000, 0x0ba9f000, 0x14600000)
   the space 32060K,  99% used [0x09b50000, 0x0ba9eff0, 0x0ba9f000, 0x0ba9f000)
 Metaspace       used 3072K, capacity 5103K, committed 5120K, reserved 5504K

